0074 			     			
0074 			ORG $4000
4000 D3 50		ADDD E3 		DIR 	(LI = 2)	
4002 			EQU $50		E3:	
4002 			EQU 15		E2:	
4002 89 15		ADCA $15 		IMM 	(LI = 2)	
4004 99 15		ADCA $15 		DIR 	(LI = 2)	
4006 			START
0000 99 96		ADCA 150 		DIR 	(LI = 2)	
0002 B9 05 DC		ADCA 1500 		EXT 	(LI = 3)	
0005 C3 00 0A		ADDD 10 		IMM 	(LI = 3)	
0008 48 4F 4C 41		DC.B H,O,L,A		
004D 0A 0B 0C		DC.B 10,11,12		
005C 48 4F 4C 41		DC.B H,O,L,A		
00A1 00 00 00 00 00 00 00 00 00 00	BSZ 10		
00AB 00 00	FILL 2		
00AD 00 01		DC.W 1		
00B0 00 01		DC.W 1		
00B3 48 4F 4C 41	FCC /HOLA/		
00B7 32 1E	FCB 50,30		
00B9 			END		E1:
